<?xml version="1.0" encoding="UTF-8"?>
<testsuites>
  <testsuite name="" tests="41" assertions="60" errors="0" warnings="0" failures="0" skipped="0" time="0.063018">
    <testsuite name="Project Test Suite" tests="41" assertions="60" errors="0" warnings="0" failures="0" skipped="0" time="0.063018">
      <testsuite name="App\Dice\DiceTest" file="/home/karl/Documents/dbwebb/mvc/me/report/tests/Dice/DiceTest.php" tests="1" assertions="2" errors="0" warnings="0" failures="0" skipped="0" time="0.008454">
        <testcase name="testCreateDice" class="App\Dice\DiceTest" classname="App.Dice.DiceTest" file="/home/karl/Documents/dbwebb/mvc/me/report/tests/Dice/DiceTest.php" line="16" assertions="2" time="0.008454"/>
      </testsuite>
      <testsuite name="App\Model\BankPlayerTest" file="/home/karl/Documents/dbwebb/mvc/me/report/tests/Model/BankPlayerTest.php" tests="6" assertions="6" errors="0" warnings="0" failures="0" skipped="0" time="0.004942">
        <testcase name="testCreateBankPlayerWithNoArguments" class="App\Model\BankPlayerTest" classname="App.Model.BankPlayerTest" file="/home/karl/Documents/dbwebb/mvc/me/report/tests/Model/BankPlayerTest.php" line="16" assertions="1" time="0.002234"/>
        <testcase name="testGetName" class="App\Model\BankPlayerTest" classname="App.Model.BankPlayerTest" file="/home/karl/Documents/dbwebb/mvc/me/report/tests/Model/BankPlayerTest.php" line="26" assertions="1" time="0.000780"/>
        <testcase name="testGetBalance" class="App\Model\BankPlayerTest" classname="App.Model.BankPlayerTest" file="/home/karl/Documents/dbwebb/mvc/me/report/tests/Model/BankPlayerTest.php" line="38" assertions="1" time="0.000317"/>
        <testcase name="testMakeMoveHit" class="App\Model\BankPlayerTest" classname="App.Model.BankPlayerTest" file="/home/karl/Documents/dbwebb/mvc/me/report/tests/Model/BankPlayerTest.php" line="50" assertions="1" time="0.000323"/>
        <testcase name="testMakeMoveStand" class="App\Model\BankPlayerTest" classname="App.Model.BankPlayerTest" file="/home/karl/Documents/dbwebb/mvc/me/report/tests/Model/BankPlayerTest.php" line="64" assertions="1" time="0.000897"/>
        <testcase name="testMakeMoveStandFor22" class="App\Model\BankPlayerTest" classname="App.Model.BankPlayerTest" file="/home/karl/Documents/dbwebb/mvc/me/report/tests/Model/BankPlayerTest.php" line="79" assertions="1" time="0.000390"/>
      </testsuite>
      <testsuite name="App\Model\BetManagerTest" file="/home/karl/Documents/dbwebb/mvc/me/report/tests/Model/BetManagerTest.php" tests="5" assertions="5" errors="0" warnings="0" failures="0" skipped="0" time="0.004181">
        <testcase name="testCreateBetManagerWithNoArguments" class="App\Model\BetManagerTest" classname="App.Model.BetManagerTest" file="/home/karl/Documents/dbwebb/mvc/me/report/tests/Model/BetManagerTest.php" line="17" assertions="1" time="0.000946"/>
        <testcase name="testGetPot" class="App\Model\BetManagerTest" classname="App.Model.BetManagerTest" file="/home/karl/Documents/dbwebb/mvc/me/report/tests/Model/BetManagerTest.php" line="27" assertions="1" time="0.000366"/>
        <testcase name="testHasPot" class="App\Model\BetManagerTest" classname="App.Model.BetManagerTest" file="/home/karl/Documents/dbwebb/mvc/me/report/tests/Model/BetManagerTest.php" line="39" assertions="1" time="0.000886"/>
        <testcase name="testPayoutEmptyPot" class="App\Model\BetManagerTest" classname="App.Model.BetManagerTest" file="/home/karl/Documents/dbwebb/mvc/me/report/tests/Model/BetManagerTest.php" line="50" assertions="1" time="0.000721"/>
        <testcase name="testSetPot" class="App\Model\BetManagerTest" classname="App.Model.BetManagerTest" file="/home/karl/Documents/dbwebb/mvc/me/report/tests/Model/BetManagerTest.php" line="66" assertions="1" time="0.001262"/>
      </testsuite>
      <testsuite name="App\Model\CardTest" file="/home/karl/Documents/dbwebb/mvc/me/report/tests/Model/CardTest.php" tests="6" assertions="6" errors="0" warnings="0" failures="0" skipped="0" time="0.002972">
        <testcase name="testCreateCard" class="App\Model\CardTest" classname="App.Model.CardTest" file="/home/karl/Documents/dbwebb/mvc/me/report/tests/Model/CardTest.php" line="17" assertions="1" time="0.000394"/>
        <testcase name="testGetCard" class="App\Model\CardTest" classname="App.Model.CardTest" file="/home/karl/Documents/dbwebb/mvc/me/report/tests/Model/CardTest.php" line="27" assertions="1" time="0.000447"/>
        <testcase name="testGetValue" class="App\Model\CardTest" classname="App.Model.CardTest" file="/home/karl/Documents/dbwebb/mvc/me/report/tests/Model/CardTest.php" line="39" assertions="1" time="0.000532"/>
        <testcase name="testGetAlternativeValue" class="App\Model\CardTest" classname="App.Model.CardTest" file="/home/karl/Documents/dbwebb/mvc/me/report/tests/Model/CardTest.php" line="51" assertions="1" time="0.000491"/>
        <testcase name="testGetSuit" class="App\Model\CardTest" classname="App.Model.CardTest" file="/home/karl/Documents/dbwebb/mvc/me/report/tests/Model/CardTest.php" line="63" assertions="1" time="0.000561"/>
        <testcase name="testGetUnicodeRepresentation" class="App\Model\CardTest" classname="App.Model.CardTest" file="/home/karl/Documents/dbwebb/mvc/me/report/tests/Model/CardTest.php" line="76" assertions="1" time="0.000547"/>
      </testsuite>
      <testsuite name="App\Model\FrenchSuitedDeckTest" file="/home/karl/Documents/dbwebb/mvc/me/report/tests/Model/DeckOfCardTest.php" tests="7" assertions="23" errors="0" warnings="0" failures="0" skipped="0" time="0.028432">
        <testcase name="testCreateDeckOfCards" class="App\Model\FrenchSuitedDeckTest" classname="App.Model.FrenchSuitedDeckTest" file="/home/karl/Documents/dbwebb/mvc/me/report/tests/Model/DeckOfCardTest.php" line="19" assertions="1" time="0.015753"/>
        <testcase name="testCreate" class="App\Model\FrenchSuitedDeckTest" classname="App.Model.FrenchSuitedDeckTest" file="/home/karl/Documents/dbwebb/mvc/me/report/tests/Model/DeckOfCardTest.php" line="30" assertions="1" time="0.000677"/>
        <testcase name="testAttach" class="App\Model\FrenchSuitedDeckTest" classname="App.Model.FrenchSuitedDeckTest" file="/home/karl/Documents/dbwebb/mvc/me/report/tests/Model/DeckOfCardTest.php" line="52" assertions="2" time="0.000816"/>
        <testcase name="testSort" class="App\Model\FrenchSuitedDeckTest" classname="App.Model.FrenchSuitedDeckTest" file="/home/karl/Documents/dbwebb/mvc/me/report/tests/Model/DeckOfCardTest.php" line="67" assertions="7" time="0.003266"/>
        <testcase name="testSortBySuit" class="App\Model\FrenchSuitedDeckTest" classname="App.Model.FrenchSuitedDeckTest" file="/home/karl/Documents/dbwebb/mvc/me/report/tests/Model/DeckOfCardTest.php" line="88" assertions="5" time="0.002792"/>
        <testcase name="testSortByValue" class="App\Model\FrenchSuitedDeckTest" classname="App.Model.FrenchSuitedDeckTest" file="/home/karl/Documents/dbwebb/mvc/me/report/tests/Model/DeckOfCardTest.php" line="107" assertions="4" time="0.002572"/>
        <testcase name="testSortBySuitAndValue" class="App\Model\FrenchSuitedDeckTest" classname="App.Model.FrenchSuitedDeckTest" file="/home/karl/Documents/dbwebb/mvc/me/report/tests/Model/DeckOfCardTest.php" line="132" assertions="3" time="0.002555"/>
      </testsuite>
      <testsuite name="App\Model\DetermineWinnerTest" file="/home/karl/Documents/dbwebb/mvc/me/report/tests/Model/DetermineWinnerTest.php" tests="5" assertions="5" errors="0" warnings="0" failures="0" skipped="0" time="0.003607">
        <testcase name="testCreate" class="App\Model\DetermineWinnerTest" classname="App.Model.DetermineWinnerTest" file="/home/karl/Documents/dbwebb/mvc/me/report/tests/Model/DetermineWinnerTest.php" line="17" assertions="1" time="0.001134"/>
        <testcase name="testDetermineWinner" class="App\Model\DetermineWinnerTest" classname="App.Model.DetermineWinnerTest" file="/home/karl/Documents/dbwebb/mvc/me/report/tests/Model/DetermineWinnerTest.php" line="27" assertions="1" time="0.000544"/>
        <testcase name="testDetermineWinnerNull" class="App\Model\DetermineWinnerTest" classname="App.Model.DetermineWinnerTest" file="/home/karl/Documents/dbwebb/mvc/me/report/tests/Model/DetermineWinnerTest.php" line="45" assertions="1" time="0.000799"/>
        <testcase name="testGetWinnerBankBusted" class="App\Model\DetermineWinnerTest" classname="App.Model.DetermineWinnerTest" file="/home/karl/Documents/dbwebb/mvc/me/report/tests/Model/DetermineWinnerTest.php" line="61" assertions="1" time="0.000385"/>
        <testcase name="testIsBusted" class="App\Model\DetermineWinnerTest" classname="App.Model.DetermineWinnerTest" file="/home/karl/Documents/dbwebb/mvc/me/report/tests/Model/DetermineWinnerTest.php" line="76" assertions="1" time="0.000744"/>
      </testsuite>
      <testsuite name="App\Model\GameTest" file="/home/karl/Documents/dbwebb/mvc/me/report/tests/Model/GameTest.php" tests="9" assertions="11" errors="0" warnings="0" failures="0" skipped="0" time="0.009180">
        <testcase name="testCreate" class="App\Model\GameTest" classname="App.Model.GameTest" file="/home/karl/Documents/dbwebb/mvc/me/report/tests/Model/GameTest.php" line="18" assertions="1" time="0.001458"/>
        <testcase name="testCreateFromSavedState" class="App\Model\GameTest" classname="App.Model.GameTest" file="/home/karl/Documents/dbwebb/mvc/me/report/tests/Model/GameTest.php" line="28" assertions="1" time="0.001036"/>
        <testcase name="testPlayRoundInvalidInput" class="App\Model\GameTest" classname="App.Model.GameTest" file="/home/karl/Documents/dbwebb/mvc/me/report/tests/Model/GameTest.php" line="45" assertions="1" time="0.000751"/>
        <testcase name="testPlayRoundRestart" class="App\Model\GameTest" classname="App.Model.GameTest" file="/home/karl/Documents/dbwebb/mvc/me/report/tests/Model/GameTest.php" line="56" assertions="2" time="0.001501"/>
        <testcase name="testPlayRoundWinner" class="App\Model\GameTest" classname="App.Model.GameTest" file="/home/karl/Documents/dbwebb/mvc/me/report/tests/Model/GameTest.php" line="83" assertions="1" time="0.001184"/>
        <testcase name="testGetWinnerBasedOnHand" class="App\Model\GameTest" classname="App.Model.GameTest" file="/home/karl/Documents/dbwebb/mvc/me/report/tests/Model/GameTest.php" line="108" assertions="1" time="0.001049"/>
        <testcase name="testAttachAndDetach" class="App\Model\GameTest" classname="App.Model.GameTest" file="/home/karl/Documents/dbwebb/mvc/me/report/tests/Model/GameTest.php" line="135" assertions="2" time="0.000757"/>
        <testcase name="testGetPlayers" class="App\Model\GameTest" classname="App.Model.GameTest" file="/home/karl/Documents/dbwebb/mvc/me/report/tests/Model/GameTest.php" line="158" assertions="1" time="0.000729"/>
        <testcase name="testGetCurrentPlayer" class="App\Model\GameTest" classname="App.Model.GameTest" file="/home/karl/Documents/dbwebb/mvc/me/report/tests/Model/GameTest.php" line="177" assertions="1" time="0.000715"/>
      </testsuite>
      <testsuite name="App\Model\GraphicCardTest" file="/home/karl/Documents/dbwebb/mvc/me/report/tests/Model/GraphicCardTest.php" tests="2" assertions="2" errors="0" warnings="0" failures="0" skipped="0" time="0.001251">
        <testcase name="testCreateCard" class="App\Model\GraphicCardTest" classname="App.Model.GraphicCardTest" file="/home/karl/Documents/dbwebb/mvc/me/report/tests/Model/GraphicCardTest.php" line="16" assertions="1" time="0.000919"/>
        <testcase name="testGetCard" class="App\Model\GraphicCardTest" classname="App.Model.GraphicCardTest" file="/home/karl/Documents/dbwebb/mvc/me/report/tests/Model/GraphicCardTest.php" line="26" assertions="1" time="0.000332"/>
      </testsuite>
    </testsuite>
  </testsuite>
</testsuites>
