<?xml version="1.0" encoding="UTF-8"?>
<testsuites>
  <testsuite name="" tests="44" assertions="65" errors="0" warnings="0" failures="0" skipped="0" time="0.079040">
    <testsuite name="Project Test Suite" tests="44" assertions="65" errors="0" warnings="0" failures="0" skipped="0" time="0.079040">
      <testsuite name="App\Dice\DiceTest" file="/home/karl/Documents/dbwebb/mvc/me/report/tests/Dice/DiceTest.php" tests="1" assertions="2" errors="0" warnings="0" failures="0" skipped="0" time="0.013129">
        <testcase name="testCreateDice" class="App\Dice\DiceTest" classname="App.Dice.DiceTest" file="/home/karl/Documents/dbwebb/mvc/me/report/tests/Dice/DiceTest.php" line="16" assertions="2" time="0.013129"/>
      </testsuite>
      <testsuite name="App\Model\BankPlayerTest" file="/home/karl/Documents/dbwebb/mvc/me/report/tests/Model/BankPlayerTest.php" tests="6" assertions="6" errors="0" warnings="0" failures="0" skipped="0" time="0.006685">
        <testcase name="testCreateBankPlayerWithNoArguments" class="App\Model\BankPlayerTest" classname="App.Model.BankPlayerTest" file="/home/karl/Documents/dbwebb/mvc/me/report/tests/Model/BankPlayerTest.php" line="16" assertions="1" time="0.002989"/>
        <testcase name="testGetName" class="App\Model\BankPlayerTest" classname="App.Model.BankPlayerTest" file="/home/karl/Documents/dbwebb/mvc/me/report/tests/Model/BankPlayerTest.php" line="26" assertions="1" time="0.001085"/>
        <testcase name="testGetBalance" class="App\Model\BankPlayerTest" classname="App.Model.BankPlayerTest" file="/home/karl/Documents/dbwebb/mvc/me/report/tests/Model/BankPlayerTest.php" line="38" assertions="1" time="0.000435"/>
        <testcase name="testMakeMoveHit" class="App\Model\BankPlayerTest" classname="App.Model.BankPlayerTest" file="/home/karl/Documents/dbwebb/mvc/me/report/tests/Model/BankPlayerTest.php" line="50" assertions="1" time="0.000468"/>
        <testcase name="testMakeMoveStand" class="App\Model\BankPlayerTest" classname="App.Model.BankPlayerTest" file="/home/karl/Documents/dbwebb/mvc/me/report/tests/Model/BankPlayerTest.php" line="64" assertions="1" time="0.001181"/>
        <testcase name="testMakeMoveStandFor22" class="App\Model\BankPlayerTest" classname="App.Model.BankPlayerTest" file="/home/karl/Documents/dbwebb/mvc/me/report/tests/Model/BankPlayerTest.php" line="79" assertions="1" time="0.000528"/>
      </testsuite>
      <testsuite name="App\Model\BetManagerTest" file="/home/karl/Documents/dbwebb/mvc/me/report/tests/Model/BetManagerTest.php" tests="5" assertions="5" errors="0" warnings="0" failures="0" skipped="0" time="0.005106">
        <testcase name="testCreateBetManagerWithNoArguments" class="App\Model\BetManagerTest" classname="App.Model.BetManagerTest" file="/home/karl/Documents/dbwebb/mvc/me/report/tests/Model/BetManagerTest.php" line="17" assertions="1" time="0.001142"/>
        <testcase name="testGetPot" class="App\Model\BetManagerTest" classname="App.Model.BetManagerTest" file="/home/karl/Documents/dbwebb/mvc/me/report/tests/Model/BetManagerTest.php" line="27" assertions="1" time="0.000465"/>
        <testcase name="testHasPot" class="App\Model\BetManagerTest" classname="App.Model.BetManagerTest" file="/home/karl/Documents/dbwebb/mvc/me/report/tests/Model/BetManagerTest.php" line="39" assertions="1" time="0.001000"/>
        <testcase name="testPayoutEmptyPot" class="App\Model\BetManagerTest" classname="App.Model.BetManagerTest" file="/home/karl/Documents/dbwebb/mvc/me/report/tests/Model/BetManagerTest.php" line="50" assertions="1" time="0.000922"/>
        <testcase name="testSetPot" class="App\Model\BetManagerTest" classname="App.Model.BetManagerTest" file="/home/karl/Documents/dbwebb/mvc/me/report/tests/Model/BetManagerTest.php" line="66" assertions="1" time="0.001577"/>
      </testsuite>
      <testsuite name="App\Model\CardTest" file="/home/karl/Documents/dbwebb/mvc/me/report/tests/Model/CardTest.php" tests="6" assertions="6" errors="0" warnings="0" failures="0" skipped="0" time="0.002494">
        <testcase name="testCreateCard" class="App\Model\CardTest" classname="App.Model.CardTest" file="/home/karl/Documents/dbwebb/mvc/me/report/tests/Model/CardTest.php" line="17" assertions="1" time="0.000421"/>
        <testcase name="testGetCard" class="App\Model\CardTest" classname="App.Model.CardTest" file="/home/karl/Documents/dbwebb/mvc/me/report/tests/Model/CardTest.php" line="27" assertions="1" time="0.000419"/>
        <testcase name="testGetValue" class="App\Model\CardTest" classname="App.Model.CardTest" file="/home/karl/Documents/dbwebb/mvc/me/report/tests/Model/CardTest.php" line="39" assertions="1" time="0.000437"/>
        <testcase name="testGetAlternativeValue" class="App\Model\CardTest" classname="App.Model.CardTest" file="/home/karl/Documents/dbwebb/mvc/me/report/tests/Model/CardTest.php" line="51" assertions="1" time="0.000410"/>
        <testcase name="testGetSuit" class="App\Model\CardTest" classname="App.Model.CardTest" file="/home/karl/Documents/dbwebb/mvc/me/report/tests/Model/CardTest.php" line="63" assertions="1" time="0.000403"/>
        <testcase name="testGetUnicodeRepresentation" class="App\Model\CardTest" classname="App.Model.CardTest" file="/home/karl/Documents/dbwebb/mvc/me/report/tests/Model/CardTest.php" line="76" assertions="1" time="0.000406"/>
      </testsuite>
      <testsuite name="App\Model\FrenchSuitedDeckTest" file="/home/karl/Documents/dbwebb/mvc/me/report/tests/Model/DeckOfCardTest.php" tests="10" assertions="28" errors="0" warnings="0" failures="0" skipped="0" time="0.034257">
        <testcase name="testCreateDeckOfCards" class="App\Model\FrenchSuitedDeckTest" classname="App.Model.FrenchSuitedDeckTest" file="/home/karl/Documents/dbwebb/mvc/me/report/tests/Model/DeckOfCardTest.php" line="19" assertions="1" time="0.015881"/>
        <testcase name="testCreate" class="App\Model\FrenchSuitedDeckTest" classname="App.Model.FrenchSuitedDeckTest" file="/home/karl/Documents/dbwebb/mvc/me/report/tests/Model/DeckOfCardTest.php" line="30" assertions="1" time="0.000853"/>
        <testcase name="testGetNumberOfCards" class="App\Model\FrenchSuitedDeckTest" classname="App.Model.FrenchSuitedDeckTest" file="/home/karl/Documents/dbwebb/mvc/me/report/tests/Model/DeckOfCardTest.php" line="40" assertions="1" time="0.000811"/>
        <testcase name="testDealCards" class="App\Model\FrenchSuitedDeckTest" classname="App.Model.FrenchSuitedDeckTest" file="/home/karl/Documents/dbwebb/mvc/me/report/tests/Model/DeckOfCardTest.php" line="50" assertions="3" time="0.000895"/>
        <testcase name="testDrawCards" class="App\Model\FrenchSuitedDeckTest" classname="App.Model.FrenchSuitedDeckTest" file="/home/karl/Documents/dbwebb/mvc/me/report/tests/Model/DeckOfCardTest.php" line="64" assertions="1" time="0.001052"/>
        <testcase name="testAttach" class="App\Model\FrenchSuitedDeckTest" classname="App.Model.FrenchSuitedDeckTest" file="/home/karl/Documents/dbwebb/mvc/me/report/tests/Model/DeckOfCardTest.php" line="74" assertions="2" time="0.000832"/>
        <testcase name="testSort" class="App\Model\FrenchSuitedDeckTest" classname="App.Model.FrenchSuitedDeckTest" file="/home/karl/Documents/dbwebb/mvc/me/report/tests/Model/DeckOfCardTest.php" line="89" assertions="7" time="0.003748"/>
        <testcase name="testSortBySuit" class="App\Model\FrenchSuitedDeckTest" classname="App.Model.FrenchSuitedDeckTest" file="/home/karl/Documents/dbwebb/mvc/me/report/tests/Model/DeckOfCardTest.php" line="110" assertions="5" time="0.003353"/>
        <testcase name="testSortByValue" class="App\Model\FrenchSuitedDeckTest" classname="App.Model.FrenchSuitedDeckTest" file="/home/karl/Documents/dbwebb/mvc/me/report/tests/Model/DeckOfCardTest.php" line="129" assertions="4" time="0.003334"/>
        <testcase name="testSortBySuitAndValue" class="App\Model\FrenchSuitedDeckTest" classname="App.Model.FrenchSuitedDeckTest" file="/home/karl/Documents/dbwebb/mvc/me/report/tests/Model/DeckOfCardTest.php" line="154" assertions="3" time="0.003496"/>
      </testsuite>
      <testsuite name="App\Model\DetermineWinnerTest" file="/home/karl/Documents/dbwebb/mvc/me/report/tests/Model/DetermineWinnerTest.php" tests="5" assertions="5" errors="0" warnings="0" failures="0" skipped="0" time="0.004796">
        <testcase name="testCreate" class="App\Model\DetermineWinnerTest" classname="App.Model.DetermineWinnerTest" file="/home/karl/Documents/dbwebb/mvc/me/report/tests/Model/DetermineWinnerTest.php" line="17" assertions="1" time="0.001609"/>
        <testcase name="testDetermineWinner" class="App\Model\DetermineWinnerTest" classname="App.Model.DetermineWinnerTest" file="/home/karl/Documents/dbwebb/mvc/me/report/tests/Model/DetermineWinnerTest.php" line="27" assertions="1" time="0.000691"/>
        <testcase name="testDetermineWinnerNull" class="App\Model\DetermineWinnerTest" classname="App.Model.DetermineWinnerTest" file="/home/karl/Documents/dbwebb/mvc/me/report/tests/Model/DetermineWinnerTest.php" line="45" assertions="1" time="0.001026"/>
        <testcase name="testGetWinnerBankBusted" class="App\Model\DetermineWinnerTest" classname="App.Model.DetermineWinnerTest" file="/home/karl/Documents/dbwebb/mvc/me/report/tests/Model/DetermineWinnerTest.php" line="61" assertions="1" time="0.000503"/>
        <testcase name="testIsBusted" class="App\Model\DetermineWinnerTest" classname="App.Model.DetermineWinnerTest" file="/home/karl/Documents/dbwebb/mvc/me/report/tests/Model/DetermineWinnerTest.php" line="76" assertions="1" time="0.000966"/>
      </testsuite>
      <testsuite name="App\Model\GameTest" file="/home/karl/Documents/dbwebb/mvc/me/report/tests/Model/GameTest.php" tests="9" assertions="11" errors="0" warnings="0" failures="0" skipped="0" time="0.011017">
        <testcase name="testCreate" class="App\Model\GameTest" classname="App.Model.GameTest" file="/home/karl/Documents/dbwebb/mvc/me/report/tests/Model/GameTest.php" line="18" assertions="1" time="0.002214"/>
        <testcase name="testCreateFromSavedState" class="App\Model\GameTest" classname="App.Model.GameTest" file="/home/karl/Documents/dbwebb/mvc/me/report/tests/Model/GameTest.php" line="28" assertions="1" time="0.001198"/>
        <testcase name="testPlayRoundInvalidInput" class="App\Model\GameTest" classname="App.Model.GameTest" file="/home/karl/Documents/dbwebb/mvc/me/report/tests/Model/GameTest.php" line="45" assertions="1" time="0.000528"/>
        <testcase name="testPlayRoundRestart" class="App\Model\GameTest" classname="App.Model.GameTest" file="/home/karl/Documents/dbwebb/mvc/me/report/tests/Model/GameTest.php" line="56" assertions="2" time="0.001404"/>
        <testcase name="testPlayRoundWinner" class="App\Model\GameTest" classname="App.Model.GameTest" file="/home/karl/Documents/dbwebb/mvc/me/report/tests/Model/GameTest.php" line="83" assertions="1" time="0.001402"/>
        <testcase name="testGetWinnerBasedOnHand" class="App\Model\GameTest" classname="App.Model.GameTest" file="/home/karl/Documents/dbwebb/mvc/me/report/tests/Model/GameTest.php" line="108" assertions="1" time="0.001478"/>
        <testcase name="testAttachAndDetach" class="App\Model\GameTest" classname="App.Model.GameTest" file="/home/karl/Documents/dbwebb/mvc/me/report/tests/Model/GameTest.php" line="135" assertions="2" time="0.000975"/>
        <testcase name="testGetPlayers" class="App\Model\GameTest" classname="App.Model.GameTest" file="/home/karl/Documents/dbwebb/mvc/me/report/tests/Model/GameTest.php" line="158" assertions="1" time="0.000891"/>
        <testcase name="testGetCurrentPlayer" class="App\Model\GameTest" classname="App.Model.GameTest" file="/home/karl/Documents/dbwebb/mvc/me/report/tests/Model/GameTest.php" line="177" assertions="1" time="0.000926"/>
      </testsuite>
      <testsuite name="App\Model\GraphicCardTest" file="/home/karl/Documents/dbwebb/mvc/me/report/tests/Model/GraphicCardTest.php" tests="2" assertions="2" errors="0" warnings="0" failures="0" skipped="0" time="0.001556">
        <testcase name="testCreateCard" class="App\Model\GraphicCardTest" classname="App.Model.GraphicCardTest" file="/home/karl/Documents/dbwebb/mvc/me/report/tests/Model/GraphicCardTest.php" line="16" assertions="1" time="0.001054"/>
        <testcase name="testGetCard" class="App\Model\GraphicCardTest" classname="App.Model.GraphicCardTest" file="/home/karl/Documents/dbwebb/mvc/me/report/tests/Model/GraphicCardTest.php" line="26" assertions="1" time="0.000502"/>
      </testsuite>
    </testsuite>
  </testsuite>
</testsuites>
