<?xml version="1.0" encoding="UTF-8"?>
<testsuites>
  <testsuite name="" tests="41" assertions="60" errors="0" warnings="0" failures="0" skipped="0" time="0.058296">
    <testsuite name="Project Test Suite" tests="41" assertions="60" errors="0" warnings="0" failures="0" skipped="0" time="0.058296">
      <testsuite name="App\Dice\DiceTest" file="/home/karl/Documents/dbwebb/mvc/me/report/tests/Dice/DiceTest.php" tests="1" assertions="2" errors="0" warnings="0" failures="0" skipped="0" time="0.008622">
        <testcase name="testCreateDice" class="App\Dice\DiceTest" classname="App.Dice.DiceTest" file="/home/karl/Documents/dbwebb/mvc/me/report/tests/Dice/DiceTest.php" line="16" assertions="2" time="0.008622"/>
      </testsuite>
      <testsuite name="App\Model\BankPlayerTest" file="/home/karl/Documents/dbwebb/mvc/me/report/tests/Model/BankPlayerTest.php" tests="6" assertions="6" errors="0" warnings="0" failures="0" skipped="0" time="0.005048">
        <testcase name="testCreateBankPlayerWithNoArguments" class="App\Model\BankPlayerTest" classname="App.Model.BankPlayerTest" file="/home/karl/Documents/dbwebb/mvc/me/report/tests/Model/BankPlayerTest.php" line="16" assertions="1" time="0.002238"/>
        <testcase name="testGetName" class="App\Model\BankPlayerTest" classname="App.Model.BankPlayerTest" file="/home/karl/Documents/dbwebb/mvc/me/report/tests/Model/BankPlayerTest.php" line="26" assertions="1" time="0.000791"/>
        <testcase name="testGetBalance" class="App\Model\BankPlayerTest" classname="App.Model.BankPlayerTest" file="/home/karl/Documents/dbwebb/mvc/me/report/tests/Model/BankPlayerTest.php" line="38" assertions="1" time="0.000448"/>
        <testcase name="testMakeMoveHit" class="App\Model\BankPlayerTest" classname="App.Model.BankPlayerTest" file="/home/karl/Documents/dbwebb/mvc/me/report/tests/Model/BankPlayerTest.php" line="50" assertions="1" time="0.000333"/>
        <testcase name="testMakeMoveStand" class="App\Model\BankPlayerTest" classname="App.Model.BankPlayerTest" file="/home/karl/Documents/dbwebb/mvc/me/report/tests/Model/BankPlayerTest.php" line="64" assertions="1" time="0.000862"/>
        <testcase name="testMakeMoveStandFor22" class="App\Model\BankPlayerTest" classname="App.Model.BankPlayerTest" file="/home/karl/Documents/dbwebb/mvc/me/report/tests/Model/BankPlayerTest.php" line="79" assertions="1" time="0.000377"/>
      </testsuite>
      <testsuite name="App\Model\BetManagerTest" file="/home/karl/Documents/dbwebb/mvc/me/report/tests/Model/BetManagerTest.php" tests="5" assertions="5" errors="0" warnings="0" failures="0" skipped="0" time="0.003635">
        <testcase name="testCreateBetManagerWithNoArguments" class="App\Model\BetManagerTest" classname="App.Model.BetManagerTest" file="/home/karl/Documents/dbwebb/mvc/me/report/tests/Model/BetManagerTest.php" line="17" assertions="1" time="0.000791"/>
        <testcase name="testGetPot" class="App\Model\BetManagerTest" classname="App.Model.BetManagerTest" file="/home/karl/Documents/dbwebb/mvc/me/report/tests/Model/BetManagerTest.php" line="27" assertions="1" time="0.000334"/>
        <testcase name="testHasPot" class="App\Model\BetManagerTest" classname="App.Model.BetManagerTest" file="/home/karl/Documents/dbwebb/mvc/me/report/tests/Model/BetManagerTest.php" line="39" assertions="1" time="0.000731"/>
        <testcase name="testPayoutEmptyPot" class="App\Model\BetManagerTest" classname="App.Model.BetManagerTest" file="/home/karl/Documents/dbwebb/mvc/me/report/tests/Model/BetManagerTest.php" line="50" assertions="1" time="0.000645"/>
        <testcase name="testSetPot" class="App\Model\BetManagerTest" classname="App.Model.BetManagerTest" file="/home/karl/Documents/dbwebb/mvc/me/report/tests/Model/BetManagerTest.php" line="66" assertions="1" time="0.001133"/>
      </testsuite>
      <testsuite name="App\Model\CardTest" file="/home/karl/Documents/dbwebb/mvc/me/report/tests/Model/CardTest.php" tests="6" assertions="6" errors="0" warnings="0" failures="0" skipped="0" time="0.002009">
        <testcase name="testCreateCard" class="App\Model\CardTest" classname="App.Model.CardTest" file="/home/karl/Documents/dbwebb/mvc/me/report/tests/Model/CardTest.php" line="17" assertions="1" time="0.000314"/>
        <testcase name="testGetCard" class="App\Model\CardTest" classname="App.Model.CardTest" file="/home/karl/Documents/dbwebb/mvc/me/report/tests/Model/CardTest.php" line="27" assertions="1" time="0.000306"/>
        <testcase name="testGetValue" class="App\Model\CardTest" classname="App.Model.CardTest" file="/home/karl/Documents/dbwebb/mvc/me/report/tests/Model/CardTest.php" line="39" assertions="1" time="0.000324"/>
        <testcase name="testGetAlternativeValue" class="App\Model\CardTest" classname="App.Model.CardTest" file="/home/karl/Documents/dbwebb/mvc/me/report/tests/Model/CardTest.php" line="51" assertions="1" time="0.000301"/>
        <testcase name="testGetSuit" class="App\Model\CardTest" classname="App.Model.CardTest" file="/home/karl/Documents/dbwebb/mvc/me/report/tests/Model/CardTest.php" line="63" assertions="1" time="0.000301"/>
        <testcase name="testGetUnicodeRepresentation" class="App\Model\CardTest" classname="App.Model.CardTest" file="/home/karl/Documents/dbwebb/mvc/me/report/tests/Model/CardTest.php" line="76" assertions="1" time="0.000463"/>
      </testsuite>
      <testsuite name="App\Model\FrenchSuitedDeckTest" file="/home/karl/Documents/dbwebb/mvc/me/report/tests/Model/DeckOfCardTest.php" tests="7" assertions="23" errors="0" warnings="0" failures="0" skipped="0" time="0.025413">
        <testcase name="testCreateDeckOfCards" class="App\Model\FrenchSuitedDeckTest" classname="App.Model.FrenchSuitedDeckTest" file="/home/karl/Documents/dbwebb/mvc/me/report/tests/Model/DeckOfCardTest.php" line="19" assertions="1" time="0.011929"/>
        <testcase name="testCreate" class="App\Model\FrenchSuitedDeckTest" classname="App.Model.FrenchSuitedDeckTest" file="/home/karl/Documents/dbwebb/mvc/me/report/tests/Model/DeckOfCardTest.php" line="30" assertions="1" time="0.000672"/>
        <testcase name="testAttach" class="App\Model\FrenchSuitedDeckTest" classname="App.Model.FrenchSuitedDeckTest" file="/home/karl/Documents/dbwebb/mvc/me/report/tests/Model/DeckOfCardTest.php" line="52" assertions="2" time="0.001224"/>
        <testcase name="testSort" class="App\Model\FrenchSuitedDeckTest" classname="App.Model.FrenchSuitedDeckTest" file="/home/karl/Documents/dbwebb/mvc/me/report/tests/Model/DeckOfCardTest.php" line="67" assertions="7" time="0.003371"/>
        <testcase name="testSortBySuit" class="App\Model\FrenchSuitedDeckTest" classname="App.Model.FrenchSuitedDeckTest" file="/home/karl/Documents/dbwebb/mvc/me/report/tests/Model/DeckOfCardTest.php" line="88" assertions="5" time="0.002590"/>
        <testcase name="testSortByValue" class="App\Model\FrenchSuitedDeckTest" classname="App.Model.FrenchSuitedDeckTest" file="/home/karl/Documents/dbwebb/mvc/me/report/tests/Model/DeckOfCardTest.php" line="107" assertions="4" time="0.003074"/>
        <testcase name="testSortBySuitAndValue" class="App\Model\FrenchSuitedDeckTest" classname="App.Model.FrenchSuitedDeckTest" file="/home/karl/Documents/dbwebb/mvc/me/report/tests/Model/DeckOfCardTest.php" line="132" assertions="3" time="0.002554"/>
      </testsuite>
      <testsuite name="App\Model\DetermineWinnerTest" file="/home/karl/Documents/dbwebb/mvc/me/report/tests/Model/DetermineWinnerTest.php" tests="5" assertions="5" errors="0" warnings="0" failures="0" skipped="0" time="0.003888">
        <testcase name="testCreate" class="App\Model\DetermineWinnerTest" classname="App.Model.DetermineWinnerTest" file="/home/karl/Documents/dbwebb/mvc/me/report/tests/Model/DetermineWinnerTest.php" line="17" assertions="1" time="0.001130"/>
        <testcase name="testDetermineWinner" class="App\Model\DetermineWinnerTest" classname="App.Model.DetermineWinnerTest" file="/home/karl/Documents/dbwebb/mvc/me/report/tests/Model/DetermineWinnerTest.php" line="27" assertions="1" time="0.000755"/>
        <testcase name="testDetermineWinnerNull" class="App\Model\DetermineWinnerTest" classname="App.Model.DetermineWinnerTest" file="/home/karl/Documents/dbwebb/mvc/me/report/tests/Model/DetermineWinnerTest.php" line="45" assertions="1" time="0.000825"/>
        <testcase name="testGetWinnerBankBusted" class="App\Model\DetermineWinnerTest" classname="App.Model.DetermineWinnerTest" file="/home/karl/Documents/dbwebb/mvc/me/report/tests/Model/DetermineWinnerTest.php" line="61" assertions="1" time="0.000381"/>
        <testcase name="testIsBusted" class="App\Model\DetermineWinnerTest" classname="App.Model.DetermineWinnerTest" file="/home/karl/Documents/dbwebb/mvc/me/report/tests/Model/DetermineWinnerTest.php" line="76" assertions="1" time="0.000796"/>
      </testsuite>
      <testsuite name="App\Model\GameTest" file="/home/karl/Documents/dbwebb/mvc/me/report/tests/Model/GameTest.php" tests="9" assertions="11" errors="0" warnings="0" failures="0" skipped="0" time="0.008404">
        <testcase name="testCreate" class="App\Model\GameTest" classname="App.Model.GameTest" file="/home/karl/Documents/dbwebb/mvc/me/report/tests/Model/GameTest.php" line="18" assertions="1" time="0.001480"/>
        <testcase name="testCreateFromSavedState" class="App\Model\GameTest" classname="App.Model.GameTest" file="/home/karl/Documents/dbwebb/mvc/me/report/tests/Model/GameTest.php" line="28" assertions="1" time="0.001002"/>
        <testcase name="testPlayRoundInvalidInput" class="App\Model\GameTest" classname="App.Model.GameTest" file="/home/karl/Documents/dbwebb/mvc/me/report/tests/Model/GameTest.php" line="45" assertions="1" time="0.000381"/>
        <testcase name="testPlayRoundRestart" class="App\Model\GameTest" classname="App.Model.GameTest" file="/home/karl/Documents/dbwebb/mvc/me/report/tests/Model/GameTest.php" line="56" assertions="2" time="0.001151"/>
        <testcase name="testPlayRoundWinner" class="App\Model\GameTest" classname="App.Model.GameTest" file="/home/karl/Documents/dbwebb/mvc/me/report/tests/Model/GameTest.php" line="83" assertions="1" time="0.001125"/>
        <testcase name="testGetWinnerBasedOnHand" class="App\Model\GameTest" classname="App.Model.GameTest" file="/home/karl/Documents/dbwebb/mvc/me/report/tests/Model/GameTest.php" line="108" assertions="1" time="0.001032"/>
        <testcase name="testAttachAndDetach" class="App\Model\GameTest" classname="App.Model.GameTest" file="/home/karl/Documents/dbwebb/mvc/me/report/tests/Model/GameTest.php" line="135" assertions="2" time="0.000772"/>
        <testcase name="testGetPlayers" class="App\Model\GameTest" classname="App.Model.GameTest" file="/home/karl/Documents/dbwebb/mvc/me/report/tests/Model/GameTest.php" line="158" assertions="1" time="0.000733"/>
        <testcase name="testGetCurrentPlayer" class="App\Model\GameTest" classname="App.Model.GameTest" file="/home/karl/Documents/dbwebb/mvc/me/report/tests/Model/GameTest.php" line="177" assertions="1" time="0.000729"/>
      </testsuite>
      <testsuite name="App\Model\GraphicCardTest" file="/home/karl/Documents/dbwebb/mvc/me/report/tests/Model/GraphicCardTest.php" tests="2" assertions="2" errors="0" warnings="0" failures="0" skipped="0" time="0.001276">
        <testcase name="testCreateCard" class="App\Model\GraphicCardTest" classname="App.Model.GraphicCardTest" file="/home/karl/Documents/dbwebb/mvc/me/report/tests/Model/GraphicCardTest.php" line="16" assertions="1" time="0.000913"/>
        <testcase name="testGetCard" class="App\Model\GraphicCardTest" classname="App.Model.GraphicCardTest" file="/home/karl/Documents/dbwebb/mvc/me/report/tests/Model/GraphicCardTest.php" line="26" assertions="1" time="0.000363"/>
      </testsuite>
    </testsuite>
  </testsuite>
</testsuites>
