<?xml version="1.0" encoding="UTF-8"?>
<testsuites>
  <testsuite name="" tests="42" assertions="61" errors="0" warnings="0" failures="0" skipped="0" time="0.056598">
    <testsuite name="Project Test Suite" tests="42" assertions="61" errors="0" warnings="0" failures="0" skipped="0" time="0.056598">
      <testsuite name="App\Dice\DiceTest" file="/home/karl/Documents/dbwebb/mvc/me/report/tests/Dice/DiceTest.php" tests="1" assertions="2" errors="0" warnings="0" failures="0" skipped="0" time="0.008038">
        <testcase name="testCreateDice" class="App\Dice\DiceTest" classname="App.Dice.DiceTest" file="/home/karl/Documents/dbwebb/mvc/me/report/tests/Dice/DiceTest.php" line="16" assertions="2" time="0.008038"/>
      </testsuite>
      <testsuite name="App\Model\BankPlayerTest" file="/home/karl/Documents/dbwebb/mvc/me/report/tests/Model/BankPlayerTest.php" tests="6" assertions="6" errors="0" warnings="0" failures="0" skipped="0" time="0.004858">
        <testcase name="testCreateBankPlayerWithNoArguments" class="App\Model\BankPlayerTest" classname="App.Model.BankPlayerTest" file="/home/karl/Documents/dbwebb/mvc/me/report/tests/Model/BankPlayerTest.php" line="16" assertions="1" time="0.002213"/>
        <testcase name="testGetName" class="App\Model\BankPlayerTest" classname="App.Model.BankPlayerTest" file="/home/karl/Documents/dbwebb/mvc/me/report/tests/Model/BankPlayerTest.php" line="26" assertions="1" time="0.000779"/>
        <testcase name="testGetBalance" class="App\Model\BankPlayerTest" classname="App.Model.BankPlayerTest" file="/home/karl/Documents/dbwebb/mvc/me/report/tests/Model/BankPlayerTest.php" line="38" assertions="1" time="0.000318"/>
        <testcase name="testMakeMoveHit" class="App\Model\BankPlayerTest" classname="App.Model.BankPlayerTest" file="/home/karl/Documents/dbwebb/mvc/me/report/tests/Model/BankPlayerTest.php" line="50" assertions="1" time="0.000324"/>
        <testcase name="testMakeMoveStand" class="App\Model\BankPlayerTest" classname="App.Model.BankPlayerTest" file="/home/karl/Documents/dbwebb/mvc/me/report/tests/Model/BankPlayerTest.php" line="64" assertions="1" time="0.000841"/>
        <testcase name="testMakeMoveStandFor22" class="App\Model\BankPlayerTest" classname="App.Model.BankPlayerTest" file="/home/karl/Documents/dbwebb/mvc/me/report/tests/Model/BankPlayerTest.php" line="79" assertions="1" time="0.000384"/>
      </testsuite>
      <testsuite name="App\Model\BetManagerTest" file="/home/karl/Documents/dbwebb/mvc/me/report/tests/Model/BetManagerTest.php" tests="5" assertions="5" errors="0" warnings="0" failures="0" skipped="0" time="0.003635">
        <testcase name="testCreateBetManagerWithNoArguments" class="App\Model\BetManagerTest" classname="App.Model.BetManagerTest" file="/home/karl/Documents/dbwebb/mvc/me/report/tests/Model/BetManagerTest.php" line="17" assertions="1" time="0.000782"/>
        <testcase name="testGetPot" class="App\Model\BetManagerTest" classname="App.Model.BetManagerTest" file="/home/karl/Documents/dbwebb/mvc/me/report/tests/Model/BetManagerTest.php" line="27" assertions="1" time="0.000337"/>
        <testcase name="testHasPot" class="App\Model\BetManagerTest" classname="App.Model.BetManagerTest" file="/home/karl/Documents/dbwebb/mvc/me/report/tests/Model/BetManagerTest.php" line="39" assertions="1" time="0.000736"/>
        <testcase name="testPayoutEmptyPot" class="App\Model\BetManagerTest" classname="App.Model.BetManagerTest" file="/home/karl/Documents/dbwebb/mvc/me/report/tests/Model/BetManagerTest.php" line="50" assertions="1" time="0.000653"/>
        <testcase name="testSetPot" class="App\Model\BetManagerTest" classname="App.Model.BetManagerTest" file="/home/karl/Documents/dbwebb/mvc/me/report/tests/Model/BetManagerTest.php" line="66" assertions="1" time="0.001128"/>
      </testsuite>
      <testsuite name="App\Model\CardTest" file="/home/karl/Documents/dbwebb/mvc/me/report/tests/Model/CardTest.php" tests="6" assertions="6" errors="0" warnings="0" failures="0" skipped="0" time="0.001848">
        <testcase name="testCreateCard" class="App\Model\CardTest" classname="App.Model.CardTest" file="/home/karl/Documents/dbwebb/mvc/me/report/tests/Model/CardTest.php" line="17" assertions="1" time="0.000313"/>
        <testcase name="testGetCard" class="App\Model\CardTest" classname="App.Model.CardTest" file="/home/karl/Documents/dbwebb/mvc/me/report/tests/Model/CardTest.php" line="27" assertions="1" time="0.000315"/>
        <testcase name="testGetValue" class="App\Model\CardTest" classname="App.Model.CardTest" file="/home/karl/Documents/dbwebb/mvc/me/report/tests/Model/CardTest.php" line="39" assertions="1" time="0.000312"/>
        <testcase name="testGetAlternativeValue" class="App\Model\CardTest" classname="App.Model.CardTest" file="/home/karl/Documents/dbwebb/mvc/me/report/tests/Model/CardTest.php" line="51" assertions="1" time="0.000300"/>
        <testcase name="testGetSuit" class="App\Model\CardTest" classname="App.Model.CardTest" file="/home/karl/Documents/dbwebb/mvc/me/report/tests/Model/CardTest.php" line="63" assertions="1" time="0.000302"/>
        <testcase name="testGetUnicodeRepresentation" class="App\Model\CardTest" classname="App.Model.CardTest" file="/home/karl/Documents/dbwebb/mvc/me/report/tests/Model/CardTest.php" line="76" assertions="1" time="0.000306"/>
      </testsuite>
      <testsuite name="App\Model\FrenchSuitedDeckTest" file="/home/karl/Documents/dbwebb/mvc/me/report/tests/Model/DeckOfCardTest.php" tests="8" assertions="24" errors="0" warnings="0" failures="0" skipped="0" time="0.024674">
        <testcase name="testCreateDeckOfCards" class="App\Model\FrenchSuitedDeckTest" classname="App.Model.FrenchSuitedDeckTest" file="/home/karl/Documents/dbwebb/mvc/me/report/tests/Model/DeckOfCardTest.php" line="19" assertions="1" time="0.011593"/>
        <testcase name="testCreate" class="App\Model\FrenchSuitedDeckTest" classname="App.Model.FrenchSuitedDeckTest" file="/home/karl/Documents/dbwebb/mvc/me/report/tests/Model/DeckOfCardTest.php" line="30" assertions="1" time="0.000698"/>
        <testcase name="testDrawCards" class="App\Model\FrenchSuitedDeckTest" classname="App.Model.FrenchSuitedDeckTest" file="/home/karl/Documents/dbwebb/mvc/me/report/tests/Model/DeckOfCardTest.php" line="42" assertions="1" time="0.000785"/>
        <testcase name="testAttach" class="App\Model\FrenchSuitedDeckTest" classname="App.Model.FrenchSuitedDeckTest" file="/home/karl/Documents/dbwebb/mvc/me/report/tests/Model/DeckOfCardTest.php" line="52" assertions="2" time="0.000992"/>
        <testcase name="testSort" class="App\Model\FrenchSuitedDeckTest" classname="App.Model.FrenchSuitedDeckTest" file="/home/karl/Documents/dbwebb/mvc/me/report/tests/Model/DeckOfCardTest.php" line="67" assertions="7" time="0.002880"/>
        <testcase name="testSortBySuit" class="App\Model\FrenchSuitedDeckTest" classname="App.Model.FrenchSuitedDeckTest" file="/home/karl/Documents/dbwebb/mvc/me/report/tests/Model/DeckOfCardTest.php" line="88" assertions="5" time="0.002479"/>
        <testcase name="testSortByValue" class="App\Model\FrenchSuitedDeckTest" classname="App.Model.FrenchSuitedDeckTest" file="/home/karl/Documents/dbwebb/mvc/me/report/tests/Model/DeckOfCardTest.php" line="107" assertions="4" time="0.002646"/>
        <testcase name="testSortBySuitAndValue" class="App\Model\FrenchSuitedDeckTest" classname="App.Model.FrenchSuitedDeckTest" file="/home/karl/Documents/dbwebb/mvc/me/report/tests/Model/DeckOfCardTest.php" line="132" assertions="3" time="0.002600"/>
      </testsuite>
      <testsuite name="App\Model\DetermineWinnerTest" file="/home/karl/Documents/dbwebb/mvc/me/report/tests/Model/DetermineWinnerTest.php" tests="5" assertions="5" errors="0" warnings="0" failures="0" skipped="0" time="0.003746">
        <testcase name="testCreate" class="App\Model\DetermineWinnerTest" classname="App.Model.DetermineWinnerTest" file="/home/karl/Documents/dbwebb/mvc/me/report/tests/Model/DetermineWinnerTest.php" line="17" assertions="1" time="0.001308"/>
        <testcase name="testDetermineWinner" class="App\Model\DetermineWinnerTest" classname="App.Model.DetermineWinnerTest" file="/home/karl/Documents/dbwebb/mvc/me/report/tests/Model/DetermineWinnerTest.php" line="27" assertions="1" time="0.000503"/>
        <testcase name="testDetermineWinnerNull" class="App\Model\DetermineWinnerTest" classname="App.Model.DetermineWinnerTest" file="/home/karl/Documents/dbwebb/mvc/me/report/tests/Model/DetermineWinnerTest.php" line="45" assertions="1" time="0.000815"/>
        <testcase name="testGetWinnerBankBusted" class="App\Model\DetermineWinnerTest" classname="App.Model.DetermineWinnerTest" file="/home/karl/Documents/dbwebb/mvc/me/report/tests/Model/DetermineWinnerTest.php" line="61" assertions="1" time="0.000388"/>
        <testcase name="testIsBusted" class="App\Model\DetermineWinnerTest" classname="App.Model.DetermineWinnerTest" file="/home/karl/Documents/dbwebb/mvc/me/report/tests/Model/DetermineWinnerTest.php" line="76" assertions="1" time="0.000732"/>
      </testsuite>
      <testsuite name="App\Model\GameTest" file="/home/karl/Documents/dbwebb/mvc/me/report/tests/Model/GameTest.php" tests="9" assertions="11" errors="0" warnings="0" failures="0" skipped="0" time="0.008666">
        <testcase name="testCreate" class="App\Model\GameTest" classname="App.Model.GameTest" file="/home/karl/Documents/dbwebb/mvc/me/report/tests/Model/GameTest.php" line="18" assertions="1" time="0.001657"/>
        <testcase name="testCreateFromSavedState" class="App\Model\GameTest" classname="App.Model.GameTest" file="/home/karl/Documents/dbwebb/mvc/me/report/tests/Model/GameTest.php" line="28" assertions="1" time="0.000999"/>
        <testcase name="testPlayRoundInvalidInput" class="App\Model\GameTest" classname="App.Model.GameTest" file="/home/karl/Documents/dbwebb/mvc/me/report/tests/Model/GameTest.php" line="45" assertions="1" time="0.000382"/>
        <testcase name="testPlayRoundRestart" class="App\Model\GameTest" classname="App.Model.GameTest" file="/home/karl/Documents/dbwebb/mvc/me/report/tests/Model/GameTest.php" line="56" assertions="2" time="0.001148"/>
        <testcase name="testPlayRoundWinner" class="App\Model\GameTest" classname="App.Model.GameTest" file="/home/karl/Documents/dbwebb/mvc/me/report/tests/Model/GameTest.php" line="83" assertions="1" time="0.001230"/>
        <testcase name="testGetWinnerBasedOnHand" class="App\Model\GameTest" classname="App.Model.GameTest" file="/home/karl/Documents/dbwebb/mvc/me/report/tests/Model/GameTest.php" line="108" assertions="1" time="0.001038"/>
        <testcase name="testAttachAndDetach" class="App\Model\GameTest" classname="App.Model.GameTest" file="/home/karl/Documents/dbwebb/mvc/me/report/tests/Model/GameTest.php" line="135" assertions="2" time="0.000762"/>
        <testcase name="testGetPlayers" class="App\Model\GameTest" classname="App.Model.GameTest" file="/home/karl/Documents/dbwebb/mvc/me/report/tests/Model/GameTest.php" line="158" assertions="1" time="0.000723"/>
        <testcase name="testGetCurrentPlayer" class="App\Model\GameTest" classname="App.Model.GameTest" file="/home/karl/Documents/dbwebb/mvc/me/report/tests/Model/GameTest.php" line="177" assertions="1" time="0.000725"/>
      </testsuite>
      <testsuite name="App\Model\GraphicCardTest" file="/home/karl/Documents/dbwebb/mvc/me/report/tests/Model/GraphicCardTest.php" tests="2" assertions="2" errors="0" warnings="0" failures="0" skipped="0" time="0.001134">
        <testcase name="testCreateCard" class="App\Model\GraphicCardTest" classname="App.Model.GraphicCardTest" file="/home/karl/Documents/dbwebb/mvc/me/report/tests/Model/GraphicCardTest.php" line="16" assertions="1" time="0.000792"/>
        <testcase name="testGetCard" class="App\Model\GraphicCardTest" classname="App.Model.GraphicCardTest" file="/home/karl/Documents/dbwebb/mvc/me/report/tests/Model/GraphicCardTest.php" line="26" assertions="1" time="0.000342"/>
      </testsuite>
    </testsuite>
  </testsuite>
</testsuites>
